<?xml version='1.0' encoding='UTF-8'?>
<testsuite hostname="vdi-linux-019" name="IntegrationSpec" tests="1" errors="0" failures="1" skipped="0" time="5.665" timestamp="2021-03-27T13:20:29">
                     <properties>
[...]
</properties>
                     <testcase classname="IntegrationSpec" name="Application should::work from within a browser" time="5.665">
                                                 <failure message="java.lang.Exception: &lt;?xml version=&quot;1.0&quot; encoding=&quot;UTF-8&quot;?&gt;
&lt;html&gt;
  &lt;head&gt;
    &lt;title&gt;
      Login
    &lt;/title&gt;
    &lt;link rel=&quot;stylesheet&quot; media=&quot;screen&quot; href=&quot;/versionedAssets/stylesheets/main.css&quot;/&gt;
    &lt;link rel=&quot;shortcut icon&quot; type=&quot;image/png&quot; href=&quot;/versionedAssets/images/favicon.png&quot;/&gt;
    &lt;!-- Libraries for React --&gt;    &lt;!--&lt;script src=&quot;https://unpkg.com/react@16/umd/react.development.js&quot; crossorigin&gt;&lt;/script&gt;
    &lt;script src=&quot;https://unpkg.com/react-dom@16/umd/react-dom.development.js&quot; crossorigin&gt;&lt;/script&gt;--&gt;  &lt;/head&gt;
  &lt;body style=&quot;background-color:rgba(161, 110, 209, .7);&quot;&gt;
    &lt;div style=&quot;margin-left:30%; width:500px; background-color: rgba(255, 255, 255, .7); box-shadow:4px 4px black;&quot;&gt;
      &lt;div&gt;
        &lt;h3 style=&quot;text-align:center; width:100%; background-color: rgba(0, 0, 0, .7); color:white;&quot;&gt;
          Login
        &lt;/h3&gt;
      &lt;/div&gt;
      &lt;div style=&quot;padding-left:20px; padding-bottom:20px; padding-right:20px;&quot;&gt;
        &lt;form action=&quot;/validateForm&quot; method=&quot;POST&quot;&gt;
          &lt;input type=&quot;hidden&quot; name=&quot;csrfToken&quot; value=&quot;a4934d18fc2bcf3c58e194db22d24523b864ac43-1616869228611-55b3934d3e61196b746b7879&quot;/&gt;
          &lt;dl class=&quot; &quot; id=&quot;post-username_field&quot;&gt;
            &lt;dt&gt;
              &lt;label for=&quot;post-username&quot;&gt;
                Username
              &lt;/label&gt;
            &lt;/dt&gt;
            &lt;dd&gt;
              &lt;input type=&quot;text&quot; id=&quot;post-username&quot; name=&quot;Username&quot; value=&quot;&quot;/&gt;
            &lt;/dd&gt;
            &lt;dd class=&quot;info&quot;&gt;
              Minimum length: 3
            &lt;/dd&gt;
            &lt;dd class=&quot;info&quot;&gt;
              Maximum length: 10
            &lt;/dd&gt;
          &lt;/dl&gt;
          &lt;dl class=&quot; &quot; id=&quot;post-pass_field&quot;&gt;
            &lt;dt&gt;
              &lt;label for=&quot;post-pass&quot;&gt;
                Password
              &lt;/label&gt;
            &lt;/dt&gt;
            &lt;dd&gt;
              &lt;input type=&quot;password&quot; id=&quot;post-pass&quot; name=&quot;Password&quot;/&gt;
            &lt;/dd&gt;
            &lt;dd class=&quot;info&quot;&gt;
              Minimum length: 4
            &lt;/dd&gt;
          &lt;/dl&gt;
          &lt;div class=&quot;form-actions&quot;&gt;
            &lt;button type=&quot;submit&quot;&gt;
              Login
            &lt;/button&gt;
          &lt;/div&gt;
        &lt;/form&gt;
      &lt;/div&gt;
    &lt;/div&gt;
    &lt;div style=&quot;bottom:0; margin-top:200px; margin-left:30%; width:500px; background-color: rgba(255, 255, 255, .7); box-shadow:4px 4px black;&quot;&gt;
      &lt;form action=&quot;/createUserForm&quot; method=&quot;POST&quot;&gt;
        &lt;input type=&quot;hidden&quot; name=&quot;csrfToken&quot; value=&quot;a4934d18fc2bcf3c58e194db22d24523b864ac43-1616869228611-55b3934d3e61196b746b7879&quot;/&gt;
        &lt;h3 style=&quot;text-align:center; width:100%; background-color: rgba(0, 0, 0, .7); color:white;&quot;&gt;
          Create Username
        &lt;/h3&gt;
        &lt;div style=&quot;padding-left:20px; padding-bottom:20px; padding-right:20px;&quot;&gt;
          &lt;dl class=&quot; &quot; id=&quot;create-username_field&quot;&gt;
            &lt;dt&gt;
              &lt;label for=&quot;create-username&quot;&gt;
                Username
              &lt;/label&gt;
            &lt;/dt&gt;
            &lt;dd&gt;
              &lt;input type=&quot;text&quot; id=&quot;create-username&quot; name=&quot;Username&quot; value=&quot;&quot;/&gt;
            &lt;/dd&gt;
            &lt;dd class=&quot;info&quot;&gt;
              Minimum length: 3
            &lt;/dd&gt;
            &lt;dd class=&quot;info&quot;&gt;
              Maximum length: 10
            &lt;/dd&gt;
          &lt;/dl&gt;
          &lt;dl class=&quot; &quot; id=&quot;create-pass_field&quot;&gt;
            &lt;dt&gt;
              &lt;label for=&quot;create-pass&quot;&gt;
                Password
              &lt;/label&gt;
            &lt;/dt&gt;
            &lt;dd&gt;
              &lt;input type=&quot;password&quot; id=&quot;create-pass&quot; name=&quot;Password&quot;/&gt;
            &lt;/dd&gt;
            &lt;dd class=&quot;info&quot;&gt;
              Minimum length: 4
            &lt;/dd&gt;
          &lt;/dl&gt;
          &lt;div class=&quot;form-actions&quot;&gt;
            &lt;button type=&quot;submit&quot;&gt;
              Create User
            &lt;/button&gt;
          &lt;/div&gt;
        &lt;/div&gt;
      &lt;/form&gt;
    &lt;/div&gt;
    &lt;div id=&quot;root2&quot;&gt;
    &lt;/div&gt;
  &lt;/body&gt;
&lt;/html&gt;
 doesn't contain 'shouts out'" type="sbt.ForkMain$ForkError">sbt.ForkMain$ForkError: java.lang.Exception: &lt;?xml version=&quot;1.0&quot; encoding=&quot;UTF-8&quot;?&gt;
&lt;html&gt;
  &lt;head&gt;
    &lt;title&gt;
      Login
    &lt;/title&gt;
    &lt;link rel=&quot;stylesheet&quot; media=&quot;screen&quot; href=&quot;/versionedAssets/stylesheets/main.css&quot;/&gt;
    &lt;link rel=&quot;shortcut icon&quot; type=&quot;image/png&quot; href=&quot;/versionedAssets/images/favicon.png&quot;/&gt;
    &lt;!-- Libraries for React --&gt;    &lt;!--&lt;script src=&quot;https://unpkg.com/react@16/umd/react.development.js&quot; crossorigin&gt;&lt;/script&gt;
    &lt;script src=&quot;https://unpkg.com/react-dom@16/umd/react-dom.development.js&quot; crossorigin&gt;&lt;/script&gt;--&gt;  &lt;/head&gt;
  &lt;body style=&quot;background-color:rgba(161, 110, 209, .7);&quot;&gt;
    &lt;div style=&quot;margin-left:30%; width:500px; background-color: rgba(255, 255, 255, .7); box-shadow:4px 4px black;&quot;&gt;
      &lt;div&gt;
        &lt;h3 style=&quot;text-align:center; width:100%; background-color: rgba(0, 0, 0, .7); color:white;&quot;&gt;
          Login
        &lt;/h3&gt;
      &lt;/div&gt;
      &lt;div style=&quot;padding-left:20px; padding-bottom:20px; padding-right:20px;&quot;&gt;
        &lt;form action=&quot;/validateForm&quot; method=&quot;POST&quot;&gt;
          &lt;input type=&quot;hidden&quot; name=&quot;csrfToken&quot; value=&quot;a4934d18fc2bcf3c58e194db22d24523b864ac43-1616869228611-55b3934d3e61196b746b7879&quot;/&gt;
          &lt;dl class=&quot; &quot; id=&quot;post-username_field&quot;&gt;
            &lt;dt&gt;
              &lt;label for=&quot;post-username&quot;&gt;
                Username
              &lt;/label&gt;
            &lt;/dt&gt;
            &lt;dd&gt;
              &lt;input type=&quot;text&quot; id=&quot;post-username&quot; name=&quot;Username&quot; value=&quot;&quot;/&gt;
            &lt;/dd&gt;
            &lt;dd class=&quot;info&quot;&gt;
              Minimum length: 3
            &lt;/dd&gt;
            &lt;dd class=&quot;info&quot;&gt;
              Maximum length: 10
            &lt;/dd&gt;
          &lt;/dl&gt;
          &lt;dl class=&quot; &quot; id=&quot;post-pass_field&quot;&gt;
            &lt;dt&gt;
              &lt;label for=&quot;post-pass&quot;&gt;
                Password
              &lt;/label&gt;
            &lt;/dt&gt;
            &lt;dd&gt;
              &lt;input type=&quot;password&quot; id=&quot;post-pass&quot; name=&quot;Password&quot;/&gt;
            &lt;/dd&gt;
            &lt;dd class=&quot;info&quot;&gt;
              Minimum length: 4
            &lt;/dd&gt;
          &lt;/dl&gt;
          &lt;div class=&quot;form-actions&quot;&gt;
            &lt;button type=&quot;submit&quot;&gt;
              Login
            &lt;/button&gt;
          &lt;/div&gt;
        &lt;/form&gt;
      &lt;/div&gt;
    &lt;/div&gt;
    &lt;div style=&quot;bottom:0; margin-top:200px; margin-left:30%; width:500px; background-color: rgba(255, 255, 255, .7); box-shadow:4px 4px black;&quot;&gt;
      &lt;form action=&quot;/createUserForm&quot; method=&quot;POST&quot;&gt;
        &lt;input type=&quot;hidden&quot; name=&quot;csrfToken&quot; value=&quot;a4934d18fc2bcf3c58e194db22d24523b864ac43-1616869228611-55b3934d3e61196b746b7879&quot;/&gt;
        &lt;h3 style=&quot;text-align:center; width:100%; background-color: rgba(0, 0, 0, .7); color:white;&quot;&gt;
          Create Username
        &lt;/h3&gt;
        &lt;div style=&quot;padding-left:20px; padding-bottom:20px; padding-right:20px;&quot;&gt;
          &lt;dl class=&quot; &quot; id=&quot;create-username_field&quot;&gt;
            &lt;dt&gt;
              &lt;label for=&quot;create-username&quot;&gt;
                Username
              &lt;/label&gt;
            &lt;/dt&gt;
            &lt;dd&gt;
              &lt;input type=&quot;text&quot; id=&quot;create-username&quot; name=&quot;Username&quot; value=&quot;&quot;/&gt;
            &lt;/dd&gt;
            &lt;dd class=&quot;info&quot;&gt;
              Minimum length: 3
            &lt;/dd&gt;
            &lt;dd class=&quot;info&quot;&gt;
              Maximum length: 10
            &lt;/dd&gt;
          &lt;/dl&gt;
          &lt;dl class=&quot; &quot; id=&quot;create-pass_field&quot;&gt;
            &lt;dt&gt;
              &lt;label for=&quot;create-pass&quot;&gt;
                Password
              &lt;/label&gt;
            &lt;/dt&gt;
            &lt;dd&gt;
              &lt;input type=&quot;password&quot; id=&quot;create-pass&quot; name=&quot;Password&quot;/&gt;
            &lt;/dd&gt;
            &lt;dd class=&quot;info&quot;&gt;
              Minimum length: 4
            &lt;/dd&gt;
          &lt;/dl&gt;
          &lt;div class=&quot;form-actions&quot;&gt;
            &lt;button type=&quot;submit&quot;&gt;
              Create User
            &lt;/button&gt;
          &lt;/div&gt;
        &lt;/div&gt;
      &lt;/form&gt;
    &lt;/div&gt;
    &lt;div id=&quot;root2&quot;&gt;
    &lt;/div&gt;
  &lt;/body&gt;
&lt;/html&gt;
 doesn't contain 'shouts out'
	at IntegrationSpec$$anon$1.delayedEndpoint$IntegrationSpec$$anon$1$1(IntegrationSpec.scala:18)
	at IntegrationSpec$$anon$1$delayedInit$body.apply(IntegrationSpec.scala:14)
	at play.api.test.WithBrowser.$anonfun$around$4(Specs.scala:121)
	at play.api.test.PlayRunners.$anonfun$running$4(Helpers.scala:103)
	at play.api.test.PlayRunners.runSynchronized(Helpers.scala:59)
	at play.api.test.PlayRunners.runSynchronized$(Helpers.scala:53)
	at play.api.test.Helpers$.runSynchronized(Helpers.scala:672)
	at play.api.test.PlayRunners.running(Helpers.scala:101)
	at play.api.test.PlayRunners.running$(Helpers.scala:99)
	at play.api.test.Helpers$.running(Helpers.scala:672)
	at play.api.test.WithBrowser.around(Specs.scala:121)
	at play.api.test.WithBrowser.delayedInit(Specs.scala:106)
	at IntegrationSpec$$anon$1.&lt;init&gt;(IntegrationSpec.scala:14)
	at IntegrationSpec.$anonfun$new$2(IntegrationSpec.scala:14)
</failure>
                                               </testcase>
                     <system-out><![CDATA[]]></system-out>
                     <system-err><![CDATA[]]></system-err>
                   </testsuite>