<?xml version='1.0' encoding='UTF-8'?>
<testsuite hostname="vdi-linux-029" name="ApplicationInMemoryModelTest" tests="9" errors="0" failures="0" skipped="0" time="0.104" timestamp="2021-03-16T09:43:23">
                     <properties>
[...]
</properties>
                     <testcase classname="ApplicationInMemoryModelTest" name="ApplicationInMemoryModel must do valid login for default user" time="0.039">
                                                 
                                               </testcase><testcase classname="ApplicationInMemoryModelTest" name="ApplicationInMemoryModel must reject bad user" time="0.001">
                                                 
                                               </testcase><testcase classname="ApplicationInMemoryModelTest" name="ApplicationInMemoryModel must reject bad password" time="0.001">
                                                 
                                               </testcase><testcase classname="ApplicationInMemoryModelTest" name="ApplicationInMemoryModel must reject bad user and password" time="0.001">
                                                 
                                               </testcase><testcase classname="ApplicationInMemoryModelTest" name="ApplicationInMemoryModel must create new user with no tasks" time="0.001">
                                                 
                                               </testcase><testcase classname="ApplicationInMemoryModelTest" name="ApplicationInMemoryModel must reject create existing user" time="0.0">
                                                 
                                               </testcase><testcase classname="ApplicationInMemoryModelTest" name="ApplicationInMemoryModel must get correct mssages" time="0.0">
                                                 
                                               </testcase><testcase classname="ApplicationInMemoryModelTest" name="ApplicationInMemoryModel must add new message for existing user" time="0.044">
                                                 
                                               </testcase><testcase classname="ApplicationInMemoryModelTest" name="ApplicationInMemoryModel must remove message for existing user" time="0.017">
                                                 
                                               </testcase>
                     <system-out><![CDATA[]]></system-out>
                     <system-err><![CDATA[]]></system-err>
                   </testsuite>