<?xml version='1.0' encoding='UTF-8'?>
<testsuite hostname="vdi-linux-019" name="ApplicationSpec" tests="2" errors="0" failures="1" skipped="0" time="0.559" timestamp="2021-03-27T13:20:30">
                     <properties>
[...]
</properties>
                     <testcase classname="ApplicationSpec" name="Application should::send 404 on a bad request" time="0.293">
                                                 
                                               </testcase><testcase classname="ApplicationSpec" name="Application should::render the index page" time="0.266">
                                                 <failure message="java.lang.Exception: 

&lt;!DOCTYPE html&gt;

&lt;html&gt;
  &lt;head&gt;
    &lt;title&gt;Login&lt;/title&gt;
    &lt;link rel=&quot;stylesheet&quot; media=&quot;screen&quot; href=&quot;/versionedAssets/stylesheets/main.css&quot;&gt;
    &lt;link rel=&quot;shortcut icon&quot; type=&quot;image/png&quot; href=&quot;/versionedAssets/images/favicon.png&quot;&gt;

    &lt;!-- Libraries for React --&gt;
    &lt;!--&lt;script src=&quot;https://unpkg.com/react@16/umd/react.development.js&quot; crossorigin&gt;&lt;/script&gt;
    &lt;script src=&quot;https://unpkg.com/react-dom@16/umd/react-dom.development.js&quot; crossorigin&gt;&lt;/script&gt;--&gt;
  &lt;/head&gt;
  &lt;body&gt;
    
  	
    
  &lt;body style=&quot;background-color:rgba(161, 110, 209, .7);&quot;&gt;

&lt;div style=&quot;margin-left:30%; width:500px; background-color: rgba(255, 255, 255, .7); box-shadow:4px 4px black;&quot;&gt;
  &lt;div&gt;
    &lt;h3 style=&quot;text-align:center; width:100%; background-color: rgba(0, 0, 0, .7); color:white;&quot;&gt;Login&lt;/h3&gt;
  &lt;/div&gt;
  &lt;div style=&quot;padding-left:20px; padding-bottom:20px; padding-right:20px;&quot;&gt;
   
&lt;form action=&quot;/validateForm&quot; method=&quot;POST&quot; &gt;
    
    &lt;input type=&quot;hidden&quot; name=&quot;csrfToken&quot; value=&quot;3b3e822fd50a1d16d933440b0d8c317c412c6c4e-1616869230411-4e3bdb70ccc47f665d1ea21a&quot;/&gt;
    

&lt;dl class=&quot; &quot; id=&quot;post-username_field&quot;&gt;
    
    &lt;dt&gt;&lt;label for=&quot;post-username&quot;&gt;Username&lt;/label&gt;&lt;/dt&gt;
    
    &lt;dd&gt;
    &lt;input type=&quot;text&quot; id=&quot;post-username&quot; name=&quot;Username&quot; value=&quot;&quot; /&gt;
&lt;/dd&gt;
    
    
        &lt;dd class=&quot;info&quot;&gt;Minimum length: 3&lt;/dd&gt;
    
        &lt;dd class=&quot;info&quot;&gt;Maximum length: 10&lt;/dd&gt;
    
&lt;/dl&gt;



		
&lt;dl class=&quot; &quot; id=&quot;post-pass_field&quot;&gt;
    
    &lt;dt&gt;&lt;label for=&quot;post-pass&quot;&gt;Password&lt;/label&gt;&lt;/dt&gt;
    
    &lt;dd&gt;
    &lt;input type=&quot;password&quot; id=&quot;post-pass&quot; name=&quot;Password&quot; /&gt;
&lt;/dd&gt;
    
    
        &lt;dd class=&quot;info&quot;&gt;Minimum length: 4&lt;/dd&gt;
    
&lt;/dl&gt;



		&lt;div class=&quot;form-actions&quot;&gt;
			&lt;button type=&quot;submit&quot;&gt;Login&lt;/button&gt;
		&lt;/div&gt;
  
&lt;/form&gt;

  &lt;/div&gt;
&lt;/div&gt;
&lt;div style=&quot;bottom:0; margin-top:200px; margin-left:30%; width:500px; background-color: rgba(255, 255, 255, .7); box-shadow:4px 4px black;&quot;&gt;
   
&lt;form action=&quot;/createUserForm&quot; method=&quot;POST&quot; &gt;
    
		&lt;input type=&quot;hidden&quot; name=&quot;csrfToken&quot; value=&quot;3b3e822fd50a1d16d933440b0d8c317c412c6c4e-1616869230411-4e3bdb70ccc47f665d1ea21a&quot;/&gt;
    &lt;h3 style=&quot;text-align:center; width:100%; background-color: rgba(0, 0, 0, .7); color:white;&quot;&gt;Create Username&lt;/h3&gt;
    &lt;div style=&quot;padding-left:20px; padding-bottom:20px; padding-right:20px;&quot;&gt;
		

&lt;dl class=&quot; &quot; id=&quot;create-username_field&quot;&gt;
    
    &lt;dt&gt;&lt;label for=&quot;create-username&quot;&gt;Username&lt;/label&gt;&lt;/dt&gt;
    
    &lt;dd&gt;
    &lt;input type=&quot;text&quot; id=&quot;create-username&quot; name=&quot;Username&quot; value=&quot;&quot; /&gt;
&lt;/dd&gt;
    
    
        &lt;dd class=&quot;info&quot;&gt;Minimum length: 3&lt;/dd&gt;
    
        &lt;dd class=&quot;info&quot;&gt;Maximum length: 10&lt;/dd&gt;
    
&lt;/dl&gt;



		
&lt;dl class=&quot; &quot; id=&quot;create-pass_field&quot;&gt;
    
    &lt;dt&gt;&lt;label for=&quot;create-pass&quot;&gt;Password&lt;/label&gt;&lt;/dt&gt;
    
    &lt;dd&gt;
    &lt;input type=&quot;password&quot; id=&quot;create-pass&quot; name=&quot;Password&quot; /&gt;
&lt;/dd&gt;
    
    
        &lt;dd class=&quot;info&quot;&gt;Minimum length: 4&lt;/dd&gt;
    
&lt;/dl&gt;



		&lt;div class=&quot;form-actions&quot;&gt;
			&lt;button type=&quot;submit&quot;&gt;Create User&lt;/button&gt;
    &lt;/div&gt;
  &lt;/div&gt;
	
&lt;/form&gt;

&lt;/div&gt;
  &lt;div id=&quot;root2&quot;&gt;&lt;/div&gt;
&lt;/body&gt;

    
  &lt;/body&gt;
&lt;/html&gt;
 doesn't contain 'shouts out'" type="sbt.ForkMain$ForkError">sbt.ForkMain$ForkError: java.lang.Exception: 

&lt;!DOCTYPE html&gt;

&lt;html&gt;
  &lt;head&gt;
    &lt;title&gt;Login&lt;/title&gt;
    &lt;link rel=&quot;stylesheet&quot; media=&quot;screen&quot; href=&quot;/versionedAssets/stylesheets/main.css&quot;&gt;
    &lt;link rel=&quot;shortcut icon&quot; type=&quot;image/png&quot; href=&quot;/versionedAssets/images/favicon.png&quot;&gt;

    &lt;!-- Libraries for React --&gt;
    &lt;!--&lt;script src=&quot;https://unpkg.com/react@16/umd/react.development.js&quot; crossorigin&gt;&lt;/script&gt;
    &lt;script src=&quot;https://unpkg.com/react-dom@16/umd/react-dom.development.js&quot; crossorigin&gt;&lt;/script&gt;--&gt;
  &lt;/head&gt;
  &lt;body&gt;
    
  	
    
  &lt;body style=&quot;background-color:rgba(161, 110, 209, .7);&quot;&gt;

&lt;div style=&quot;margin-left:30%; width:500px; background-color: rgba(255, 255, 255, .7); box-shadow:4px 4px black;&quot;&gt;
  &lt;div&gt;
    &lt;h3 style=&quot;text-align:center; width:100%; background-color: rgba(0, 0, 0, .7); color:white;&quot;&gt;Login&lt;/h3&gt;
  &lt;/div&gt;
  &lt;div style=&quot;padding-left:20px; padding-bottom:20px; padding-right:20px;&quot;&gt;
   
&lt;form action=&quot;/validateForm&quot; method=&quot;POST&quot; &gt;
    
    &lt;input type=&quot;hidden&quot; name=&quot;csrfToken&quot; value=&quot;3b3e822fd50a1d16d933440b0d8c317c412c6c4e-1616869230411-4e3bdb70ccc47f665d1ea21a&quot;/&gt;
    

&lt;dl class=&quot; &quot; id=&quot;post-username_field&quot;&gt;
    
    &lt;dt&gt;&lt;label for=&quot;post-username&quot;&gt;Username&lt;/label&gt;&lt;/dt&gt;
    
    &lt;dd&gt;
    &lt;input type=&quot;text&quot; id=&quot;post-username&quot; name=&quot;Username&quot; value=&quot;&quot; /&gt;
&lt;/dd&gt;
    
    
        &lt;dd class=&quot;info&quot;&gt;Minimum length: 3&lt;/dd&gt;
    
        &lt;dd class=&quot;info&quot;&gt;Maximum length: 10&lt;/dd&gt;
    
&lt;/dl&gt;



		
&lt;dl class=&quot; &quot; id=&quot;post-pass_field&quot;&gt;
    
    &lt;dt&gt;&lt;label for=&quot;post-pass&quot;&gt;Password&lt;/label&gt;&lt;/dt&gt;
    
    &lt;dd&gt;
    &lt;input type=&quot;password&quot; id=&quot;post-pass&quot; name=&quot;Password&quot; /&gt;
&lt;/dd&gt;
    
    
        &lt;dd class=&quot;info&quot;&gt;Minimum length: 4&lt;/dd&gt;
    
&lt;/dl&gt;



		&lt;div class=&quot;form-actions&quot;&gt;
			&lt;button type=&quot;submit&quot;&gt;Login&lt;/button&gt;
		&lt;/div&gt;
  
&lt;/form&gt;

  &lt;/div&gt;
&lt;/div&gt;
&lt;div style=&quot;bottom:0; margin-top:200px; margin-left:30%; width:500px; background-color: rgba(255, 255, 255, .7); box-shadow:4px 4px black;&quot;&gt;
   
&lt;form action=&quot;/createUserForm&quot; method=&quot;POST&quot; &gt;
    
		&lt;input type=&quot;hidden&quot; name=&quot;csrfToken&quot; value=&quot;3b3e822fd50a1d16d933440b0d8c317c412c6c4e-1616869230411-4e3bdb70ccc47f665d1ea21a&quot;/&gt;
    &lt;h3 style=&quot;text-align:center; width:100%; background-color: rgba(0, 0, 0, .7); color:white;&quot;&gt;Create Username&lt;/h3&gt;
    &lt;div style=&quot;padding-left:20px; padding-bottom:20px; padding-right:20px;&quot;&gt;
		

&lt;dl class=&quot; &quot; id=&quot;create-username_field&quot;&gt;
    
    &lt;dt&gt;&lt;label for=&quot;create-username&quot;&gt;Username&lt;/label&gt;&lt;/dt&gt;
    
    &lt;dd&gt;
    &lt;input type=&quot;text&quot; id=&quot;create-username&quot; name=&quot;Username&quot; value=&quot;&quot; /&gt;
&lt;/dd&gt;
    
    
        &lt;dd class=&quot;info&quot;&gt;Minimum length: 3&lt;/dd&gt;
    
        &lt;dd class=&quot;info&quot;&gt;Maximum length: 10&lt;/dd&gt;
    
&lt;/dl&gt;



		
&lt;dl class=&quot; &quot; id=&quot;create-pass_field&quot;&gt;
    
    &lt;dt&gt;&lt;label for=&quot;create-pass&quot;&gt;Password&lt;/label&gt;&lt;/dt&gt;
    
    &lt;dd&gt;
    &lt;input type=&quot;password&quot; id=&quot;create-pass&quot; name=&quot;Password&quot; /&gt;
&lt;/dd&gt;
    
    
        &lt;dd class=&quot;info&quot;&gt;Minimum length: 4&lt;/dd&gt;
    
&lt;/dl&gt;



		&lt;div class=&quot;form-actions&quot;&gt;
			&lt;button type=&quot;submit&quot;&gt;Create User&lt;/button&gt;
    &lt;/div&gt;
  &lt;/div&gt;
	
&lt;/form&gt;

&lt;/div&gt;
  &lt;div id=&quot;root2&quot;&gt;&lt;/div&gt;
&lt;/body&gt;

    
  &lt;/body&gt;
&lt;/html&gt;
 doesn't contain 'shouts out'
	at ApplicationSpec$$anon$2.delayedEndpoint$ApplicationSpec$$anon$2$1(ApplicationSpec.scala:24)
	at ApplicationSpec$$anon$2$delayedInit$body.apply(ApplicationSpec.scala:19)
	at play.api.test.WithApplication.$anonfun$around$2(Specs.scala:58)
	at play.api.test.PlayRunners.$anonfun$running$2(Helpers.scala:84)
	at play.api.test.PlayRunners.runSynchronized(Helpers.scala:59)
	at play.api.test.PlayRunners.runSynchronized$(Helpers.scala:53)
	at play.api.test.Helpers$.runSynchronized(Helpers.scala:672)
	at play.api.test.PlayRunners.running(Helpers.scala:82)
	at play.api.test.PlayRunners.running$(Helpers.scala:80)
	at play.api.test.Helpers$.running(Helpers.scala:672)
	at play.api.test.WithApplication.around(Specs.scala:58)
	at play.api.test.WithApplication.delayedInit(Specs.scala:50)
	at ApplicationSpec$$anon$2.&lt;init&gt;(ApplicationSpec.scala:19)
	at ApplicationSpec.$anonfun$new$6(ApplicationSpec.scala:19)
</failure>
                                               </testcase>
                     <system-out><![CDATA[]]></system-out>
                     <system-err><![CDATA[]]></system-err>
                   </testsuite>